<?xml version="1.0" encoding="UTF-8" ?>
<testsuites name="vitest tests" tests="1" failures="1" errors="0" time="0">
    <testsuite name="comm/@core/ui-kit/ydsz-ui/src/primitives/time-picker/time-picker.test.ts" timestamp="2026-09-18T02:01:01.351Z" hostname="DESKTOP-FIC0TQ3" tests="1" failures="1" errors="0" skipped="0" time="0">
        <testcase classname="comm/@core/ui-kit/ydsz-ui/src/primitives/time-picker/time-picker.test.ts" name="comm/@core/ui-kit/ydsz-ui/src/primitives/time-picker/time-picker.test.ts" time="0">
            <failure message="Attribute name cannot contain U+0022 (&quot;), U+0027 (&apos;), and U+003C (&lt;)." type="SyntaxError">
SyntaxError: Attribute name cannot contain U+0022 (&quot;), U+0027 (&apos;), and U+003C (&lt;).
13 |   * @since 1.0.0
14 |  --&gt;
15 |  &lt;script lang=&quot;ts&quot; setup&quot;&gt;
   |                          ^
16 |  import { computed, ref } from &apos;vue&apos;;
17 |  
            </failure>
        </testcase>
    </testsuite>
</testsuites>
